<?xml version="1.0" encoding="UTF-8"?>
<TestRun id="5e659618-c9ed-4562-9f4c-edb2364ef0d1" name="aggeorgiev@AGGEORGIEV 2011-08-18 10:35:41" runUser="TELERIK\aggeorgiev" xmlns="http://microsoft.com/schemas/VisualStudio/TeamTest/2010">
  <TestSettings name="Local" id="038bf895-298b-4f7c-bbaa-fdfc7f6d63e7">
    <Description>These are default test settings for a local test run.</Description>
    <Execution>
      <TestTypeSpecific>
        <UnitTestRunConfig testTypeId="13cdc9d9-ddb5-4fa4-a97d-d965ccfc6d4b">
          <AssemblyResolution>
            <TestDirectory useLoadContext="true" />
          </AssemblyResolution>
        </UnitTestRunConfig>
        <WebTestRunConfiguration testTypeId="4e7599fa-5ecb-43e9-a887-cd63cf72d207">
          <Browser name="Internet Explorer 7.0">
            <Headers>
              <Header name="User-Agent" value="Mozilla/4.0 (compatible; MSIE 7.0; Windows NT 5.1)" />
              <Header name="Accept" value="*/*" />
              <Header name="Accept-Language" value="{{$IEAcceptLanguage}}" />
              <Header name="Accept-Encoding" value="GZIP" />
            </Headers>
          </Browser>
        </WebTestRunConfiguration>
        <WebAiiTestRunConfig testTypeId="c4241296-3c6e-46b1-bf92-e0bd3e0eb017" Settings="&lt;?xml version=&quot;1.0&quot; encoding=&quot;utf-16&quot;?&gt;&#xD;&#xA;&lt;Settings xmlns:xsi=&quot;http://www.w3.org/2001/XMLSchema-instance&quot; xmlns:xsd=&quot;http://www.w3.org/2001/XMLSchema&quot;&gt;&#xD;&#xA;  &lt;Web&gt;&#xD;&#xA;    &lt;ExecutingBrowsers&gt;&#xD;&#xA;      &lt;BrowserExecutionType&gt;InternetExplorer&lt;/BrowserExecutionType&gt;&#xD;&#xA;    &lt;/ExecutingBrowsers&gt;&#xD;&#xA;    &lt;UseMultiBrowserExecution&gt;false&lt;/UseMultiBrowserExecution&gt;&#xD;&#xA;    &lt;RecycleBrowser&gt;false&lt;/RecycleBrowser&gt;&#xD;&#xA;    &lt;AspNetDevServerPort&gt;1&lt;/AspNetDevServerPort&gt;&#xD;&#xA;    &lt;LocalWebServer&gt;None&lt;/LocalWebServer&gt;&#xD;&#xA;    &lt;EnableUILessRequestViewing&gt;false&lt;/EnableUILessRequestViewing&gt;&#xD;&#xA;    &lt;WebAppPhysicalPath /&gt;&#xD;&#xA;    &lt;DefaultBrowser&gt;InternetExplorer&lt;/DefaultBrowser&gt;&#xD;&#xA;    &lt;Browser&gt;InternetExplorer&lt;/Browser&gt;&#xD;&#xA;    &lt;EnableScriptLogging&gt;false&lt;/EnableScriptLogging&gt;&#xD;&#xA;    &lt;BaseUrl /&gt;&#xD;&#xA;    &lt;KillBrowserProcessOnClose&gt;false&lt;/KillBrowserProcessOnClose&gt;&#xD;&#xA;    &lt;UseHttpProxy&gt;false&lt;/UseHttpProxy&gt;&#xD;&#xA;    &lt;EnableSilverlight&gt;false&lt;/EnableSilverlight&gt;&#xD;&#xA;    &lt;VerboseHttpProxy&gt;false&lt;/VerboseHttpProxy&gt;&#xD;&#xA;    &lt;SilverlightConnectTimeout&gt;30000&lt;/SilverlightConnectTimeout&gt;&#xD;&#xA;  &lt;/Web&gt;&#xD;&#xA;  &lt;CreateLogFile&gt;true&lt;/CreateLogFile&gt;&#xD;&#xA;  &lt;LogLocation&gt;C:\WebAiiLog\&lt;/LogLocation&gt;&#xD;&#xA;  &lt;QueryEventLogErrorsOnExit&gt;false&lt;/QueryEventLogErrorsOnExit&gt;&#xD;&#xA;  &lt;LogAnnotations&gt;false&lt;/LogAnnotations&gt;&#xD;&#xA;  &lt;SimulatedMouseMoveSpeed&gt;0.3&lt;/SimulatedMouseMoveSpeed&gt;&#xD;&#xA;  &lt;WaitCheckInterval&gt;500&lt;/WaitCheckInterval&gt;&#xD;&#xA;  &lt;ElementWaitTimeout&gt;10000&lt;/ElementWaitTimeout&gt;&#xD;&#xA;  &lt;ExecuteCommandTimeout&gt;20000&lt;/ExecuteCommandTimeout&gt;&#xD;&#xA;  &lt;ExecutionDelay&gt;0&lt;/ExecutionDelay&gt;&#xD;&#xA;  &lt;UnexpectedDialogAction&gt;HandleAndFailTest&lt;/UnexpectedDialogAction&gt;&#xD;&#xA;  &lt;AnnotateExecution&gt;false&lt;/AnnotateExecution&gt;&#xD;&#xA;  &lt;AnnotationMode&gt;All&lt;/AnnotationMode&gt;&#xD;&#xA;  &lt;XMultiMgr&gt;true&lt;/XMultiMgr&gt;&#xD;&#xA;  &lt;ClientReadyTimeout&gt;30000&lt;/ClientReadyTimeout&gt;&#xD;&#xA;&lt;/Settings&gt;" xmlns="http://artoftest.com/schemas/WebAiiDesignCanvas/1.0.0" />
      </TestTypeSpecific>
      <AgentRule name="LocalMachineDefaultRole">
      </AgentRule>
    </Execution>
    <Deployment runDeploymentRoot="aggeorgiev_AGGEORGIEV 2011-08-18 10_35_41" />
  </TestSettings>
  <Times creation="2011-08-18T10:35:41.4878161+03:00" queuing="2011-08-18T10:35:41.7998161+03:00" start="2011-08-18T10:35:41.9246161+03:00" finish="2011-08-18T10:36:20.3855632+03:00" />
  <ResultSummary outcome="Failed">
    <Counters total="15" executed="5" error="0" failed="1" timeout="0" aborted="1" inconclusive="0" passedButRunAborted="3" notRunnable="0" notExecuted="10" disconnected="0" warning="0" passed="0" completed="0" inProgress="0" pending="0" />
  </ResultSummary>
  <TestDefinitions>
    <WebAiiTest name="AssertMessages" storage="c:\work\github\kendo\functional-tests\aeroviewr\testproject2\aeroviewr\assertmessages.aii" priority="0" id="63c00f77-a7be-418e-b759-191b55d39b79" xmlns="http://artoftest.com/schemas/WebAiiDesignCanvas/1.0.0">
      <Description xmlns="http://microsoft.com/schemas/VisualStudio/TeamTest/2010">WebAii Testcase</Description>
      <DeploymentItems xmlns="http://microsoft.com/schemas/VisualStudio/TeamTest/2010">
        <DeploymentItem filename="..\bin\Debug\TestProject2.dll" />
      </DeploymentItems>
      <Execution id="4526eca8-ec67-4800-904d-80668a5e809d" xmlns="http://microsoft.com/schemas/VisualStudio/TeamTest/2010" />
    </WebAiiTest>
    <WebAiiTest name="LogIn" storage="c:\work\github\kendo\functional-tests\aeroviewr\testproject2\aeroviewr\login.aii" priority="0" id="1717c04f-9fa1-469b-bd54-772018aa114c" xmlns="http://artoftest.com/schemas/WebAiiDesignCanvas/1.0.0">
      <Description xmlns="http://microsoft.com/schemas/VisualStudio/TeamTest/2010">WebAii Testcase</Description>
      <DeploymentItems xmlns="http://microsoft.com/schemas/VisualStudio/TeamTest/2010">
        <DeploymentItem filename="..\bin\Debug\TestProject2.dll" />
      </DeploymentItems>
      <Execution id="d9b5e5a5-bc54-4e41-b015-9d0102af232f" xmlns="http://microsoft.com/schemas/VisualStudio/TeamTest/2010" />
    </WebAiiTest>
    <WebAiiTest name="LogInlLogOut" storage="c:\work\github\kendo\functional-tests\aeroviewr\testproject2\aeroviewr\loginllogout.aii" priority="0" id="7ab8648a-7941-4ef6-9c1f-592616353a51" xmlns="http://artoftest.com/schemas/WebAiiDesignCanvas/1.0.0">
      <Description xmlns="http://microsoft.com/schemas/VisualStudio/TeamTest/2010">WebAii Testcase</Description>
      <DeploymentItems xmlns="http://microsoft.com/schemas/VisualStudio/TeamTest/2010">
        <DeploymentItem filename="..\bin\Debug\TestProject2.dll" />
      </DeploymentItems>
      <Execution id="847b55bc-6431-4a17-a362-d61106a9ca13" xmlns="http://microsoft.com/schemas/VisualStudio/TeamTest/2010" />
    </WebAiiTest>
    <WebAiiTest name="ListViewSlider" storage="c:\work\github\kendo\functional-tests\aeroviewr\testproject2\aeroviewr\listviewslider.aii" priority="0" id="e00b90f3-db1f-45f4-b140-c7add24427af" xmlns="http://artoftest.com/schemas/WebAiiDesignCanvas/1.0.0">
      <Description xmlns="http://microsoft.com/schemas/VisualStudio/TeamTest/2010">WebAii Testcase</Description>
      <DeploymentItems xmlns="http://microsoft.com/schemas/VisualStudio/TeamTest/2010">
        <DeploymentItem filename="..\bin\Debug\TestProject2.dll" />
      </DeploymentItems>
      <Execution id="1d782914-d2e3-4281-8aee-9d8f682c808e" xmlns="http://microsoft.com/schemas/VisualStudio/TeamTest/2010" />
    </WebAiiTest>
    <WebAiiTest name="UploadNotLogged" storage="c:\work\github\kendo\functional-tests\aeroviewr\testproject2\aeroviewr\uploadnotlogged.aii" priority="0" id="0983cbaf-ce6d-40bd-8847-34bbae140b4e" xmlns="http://artoftest.com/schemas/WebAiiDesignCanvas/1.0.0">
      <Description xmlns="http://microsoft.com/schemas/VisualStudio/TeamTest/2010">WebAii Testcase</Description>
      <DeploymentItems xmlns="http://microsoft.com/schemas/VisualStudio/TeamTest/2010">
        <DeploymentItem filename="..\bin\Debug\TestProject2.dll" />
      </DeploymentItems>
      <Execution id="2656fb88-1d9a-4ac8-811a-0f60de4ce2b0" xmlns="http://microsoft.com/schemas/VisualStudio/TeamTest/2010" />
    </WebAiiTest>
    <WebAiiTest name="SearchOpenImage" storage="c:\work\github\kendo\functional-tests\aeroviewr\testproject2\aeroviewr\searchopenimage.aii" priority="0" id="81272445-c191-48a7-9f7e-4efc378d84b1" xmlns="http://artoftest.com/schemas/WebAiiDesignCanvas/1.0.0">
      <Description xmlns="http://microsoft.com/schemas/VisualStudio/TeamTest/2010">WebAii Testcase</Description>
      <DeploymentItems xmlns="http://microsoft.com/schemas/VisualStudio/TeamTest/2010">
        <DeploymentItem filename="..\bin\Debug\TestProject2.dll" />
      </DeploymentItems>
      <Execution id="bdc0c422-73c7-4a9d-b3e4-42dccfcd612b" xmlns="http://microsoft.com/schemas/VisualStudio/TeamTest/2010" />
    </WebAiiTest>
    <WebAiiTest name="GlassManyTimes" storage="c:\work\github\kendo\functional-tests\aeroviewr\testproject2\aeroviewr\glassmanytimes.aii" priority="0" id="66a11db1-2d67-4448-a7d5-213740fbf5e6" xmlns="http://artoftest.com/schemas/WebAiiDesignCanvas/1.0.0">
      <Description xmlns="http://microsoft.com/schemas/VisualStudio/TeamTest/2010">WebAii Testcase</Description>
      <DeploymentItems xmlns="http://microsoft.com/schemas/VisualStudio/TeamTest/2010">
        <DeploymentItem filename="..\bin\Debug\TestProject2.dll" />
      </DeploymentItems>
      <Execution id="c5d05992-d687-40f6-841c-353d00f6e0ab" xmlns="http://microsoft.com/schemas/VisualStudio/TeamTest/2010" />
    </WebAiiTest>
    <WebAiiTest name="NotLoggedSearch" storage="c:\work\github\kendo\functional-tests\aeroviewr\testproject2\aeroviewr\notloggedsearch.aii" priority="0" id="a166859d-f0af-41a1-bc73-3b8f768a5103" xmlns="http://artoftest.com/schemas/WebAiiDesignCanvas/1.0.0">
      <Description xmlns="http://microsoft.com/schemas/VisualStudio/TeamTest/2010">WebAii Testcase</Description>
      <DeploymentItems xmlns="http://microsoft.com/schemas/VisualStudio/TeamTest/2010">
        <DeploymentItem filename="..\bin\Debug\TestProject2.dll" />
      </DeploymentItems>
      <Execution id="062652d2-00f9-48f4-a1a0-00a677aba701" xmlns="http://microsoft.com/schemas/VisualStudio/TeamTest/2010" />
    </WebAiiTest>
    <WebAiiTest name="ClickInfoWindow" storage="c:\work\github\kendo\functional-tests\aeroviewr\testproject2\aeroviewr\clickinfowindow.aii" priority="0" id="6ac6b301-c6ea-4e6d-83ef-7c85c1184aa7" xmlns="http://artoftest.com/schemas/WebAiiDesignCanvas/1.0.0">
      <Description xmlns="http://microsoft.com/schemas/VisualStudio/TeamTest/2010">WebAii Testcase</Description>
      <DeploymentItems xmlns="http://microsoft.com/schemas/VisualStudio/TeamTest/2010">
        <DeploymentItem filename="..\bin\Debug\TestProject2.dll" />
      </DeploymentItems>
      <Execution id="fd930fd7-f09b-452e-8dee-0549b40a3d45" xmlns="http://microsoft.com/schemas/VisualStudio/TeamTest/2010" />
    </WebAiiTest>
    <WebAiiTest name="OpenSetSearchBack" storage="c:\work\github\kendo\functional-tests\aeroviewr\testproject2\aeroviewr\opensetsearchback.aii" priority="0" id="a71e5ebf-cad5-489d-9597-0e39d5d99e94" xmlns="http://artoftest.com/schemas/WebAiiDesignCanvas/1.0.0">
      <Description xmlns="http://microsoft.com/schemas/VisualStudio/TeamTest/2010">WebAii Testcase</Description>
      <DeploymentItems xmlns="http://microsoft.com/schemas/VisualStudio/TeamTest/2010">
        <DeploymentItem filename="..\bin\Debug\TestProject2.dll" />
        <DeploymentItem filename="..\AeroViewr\LogIn.aii" />
      </DeploymentItems>
      <Execution id="3d236baa-d713-43c6-9df4-9935715ba085" xmlns="http://microsoft.com/schemas/VisualStudio/TeamTest/2010" />
    </WebAiiTest>
    <WebAiiTest name="AssertBigPic" storage="c:\work\github\kendo\functional-tests\aeroviewr\testproject2\aeroviewr\assertbigpic.aii" priority="0" id="c4b769f8-1265-45fc-9ed4-a454bc4bb668" xmlns="http://artoftest.com/schemas/WebAiiDesignCanvas/1.0.0">
      <Description xmlns="http://microsoft.com/schemas/VisualStudio/TeamTest/2010">WebAii Testcase</Description>
      <DeploymentItems xmlns="http://microsoft.com/schemas/VisualStudio/TeamTest/2010">
        <DeploymentItem filename="..\bin\Debug\TestProject2.dll" />
      </DeploymentItems>
      <Execution id="5183f300-dee0-426b-8e50-c28a6fedaf61" xmlns="http://microsoft.com/schemas/VisualStudio/TeamTest/2010" />
    </WebAiiTest>
    <UnitTest name="TestMethod1" storage="c:\work\github\kendo\functional-tests\aeroviewr\testproject2\bin\debug\testproject2.dll" id="b96f2172-51f7-3767-573a-01ebaf3120be">
      <Execution id="986caa68-6a2c-4e4e-a97c-1763a74b8815" />
      <TestMethod codeBase="C:/work/GitHub/kendo/functional-tests/AeroViewr/TestProject2/bin/Debug/TestProject2.DLL" adapterTypeName="Microsoft.VisualStudio.TestTools.TestTypes.Unit.UnitTestAdapter, Microsoft.VisualStudio.QualityTools.Tips.UnitTest.Adapter, Version=10.0.0.0, Culture=neutral, PublicKeyToken=b03f5f7f11d50a3a" className="TestProject2.UnitTest1, TestProject2, Version=1.0.0.0, Culture=neutral, PublicKeyToken=null" name="TestMethod1" />
    </UnitTest>
    <WebAiiTest name="OpenSetPicBack" storage="c:\work\github\kendo\functional-tests\aeroviewr\testproject2\aeroviewr\opensetpicback.aii" priority="0" id="784b9f29-b4df-4489-b2b5-9241f08ddaa2" xmlns="http://artoftest.com/schemas/WebAiiDesignCanvas/1.0.0">
      <Description xmlns="http://microsoft.com/schemas/VisualStudio/TeamTest/2010">WebAii Testcase</Description>
      <DeploymentItems xmlns="http://microsoft.com/schemas/VisualStudio/TeamTest/2010">
        <DeploymentItem filename="..\bin\Debug\TestProject2.dll" />
        <DeploymentItem filename="..\AeroViewr\LogIn.aii" />
      </DeploymentItems>
      <Execution id="67e2bf92-02bf-4fc7-8bb4-a8c197ed233d" xmlns="http://microsoft.com/schemas/VisualStudio/TeamTest/2010" />
    </WebAiiTest>
    <WebAiiTest name="SearchNoresults" storage="c:\work\github\kendo\functional-tests\aeroviewr\testproject2\aeroviewr\searchnoresults.aii" priority="0" id="5aa66a59-9b66-467e-84ac-d14f38e0d1d2" xmlns="http://artoftest.com/schemas/WebAiiDesignCanvas/1.0.0">
      <Description xmlns="http://microsoft.com/schemas/VisualStudio/TeamTest/2010">WebAii Testcase</Description>
      <DeploymentItems xmlns="http://microsoft.com/schemas/VisualStudio/TeamTest/2010">
        <DeploymentItem filename="..\bin\Debug\TestProject2.dll" />
      </DeploymentItems>
      <Execution id="1379654b-2ced-47b9-b8e0-3878b56db3ca" xmlns="http://microsoft.com/schemas/VisualStudio/TeamTest/2010" />
    </WebAiiTest>
    <WebAiiTest name="PlayPause" storage="c:\work\github\kendo\functional-tests\aeroviewr\testproject2\aeroviewr\playpause.aii" priority="0" id="1d421b65-b68b-4f11-8775-0ce895da03e8" xmlns="http://artoftest.com/schemas/WebAiiDesignCanvas/1.0.0">
      <Description xmlns="http://microsoft.com/schemas/VisualStudio/TeamTest/2010">WebAii Testcase</Description>
      <DeploymentItems xmlns="http://microsoft.com/schemas/VisualStudio/TeamTest/2010">
        <DeploymentItem filename="..\bin\Debug\TestProject2.dll" />
      </DeploymentItems>
      <Execution id="5ed8c1e0-4b71-46c8-baf5-cc6e1c4e9a04" xmlns="http://microsoft.com/schemas/VisualStudio/TeamTest/2010" />
    </WebAiiTest>
  </TestDefinitions>
  <TestLists>
    <TestList name="Results Not in a List" id="8c84fa94-04c1-424b-9868-57a2d4851a1d" />
    <TestList name="All Loaded Results" id="19431567-8539-422a-85d7-44ee4e166bda" />
  </TestLists>
  <TestEntries>
    <TestEntry testId="b96f2172-51f7-3767-573a-01ebaf3120be" executionId="986caa68-6a2c-4e4e-a97c-1763a74b8815" testListId="8c84fa94-04c1-424b-9868-57a2d4851a1d" />
    <TestEntry testId="c4b769f8-1265-45fc-9ed4-a454bc4bb668" executionId="5183f300-dee0-426b-8e50-c28a6fedaf61" testListId="8c84fa94-04c1-424b-9868-57a2d4851a1d" />
    <TestEntry testId="63c00f77-a7be-418e-b759-191b55d39b79" executionId="4526eca8-ec67-4800-904d-80668a5e809d" testListId="8c84fa94-04c1-424b-9868-57a2d4851a1d" />
    <TestEntry testId="6ac6b301-c6ea-4e6d-83ef-7c85c1184aa7" executionId="fd930fd7-f09b-452e-8dee-0549b40a3d45" testListId="8c84fa94-04c1-424b-9868-57a2d4851a1d" />
    <TestEntry testId="66a11db1-2d67-4448-a7d5-213740fbf5e6" executionId="c5d05992-d687-40f6-841c-353d00f6e0ab" testListId="8c84fa94-04c1-424b-9868-57a2d4851a1d" />
    <TestEntry testId="e00b90f3-db1f-45f4-b140-c7add24427af" executionId="1d782914-d2e3-4281-8aee-9d8f682c808e" testListId="8c84fa94-04c1-424b-9868-57a2d4851a1d" />
    <TestEntry testId="1717c04f-9fa1-469b-bd54-772018aa114c" executionId="d9b5e5a5-bc54-4e41-b015-9d0102af232f" testListId="8c84fa94-04c1-424b-9868-57a2d4851a1d" />
    <TestEntry testId="7ab8648a-7941-4ef6-9c1f-592616353a51" executionId="847b55bc-6431-4a17-a362-d61106a9ca13" testListId="8c84fa94-04c1-424b-9868-57a2d4851a1d" />
    <TestEntry testId="a166859d-f0af-41a1-bc73-3b8f768a5103" executionId="062652d2-00f9-48f4-a1a0-00a677aba701" testListId="8c84fa94-04c1-424b-9868-57a2d4851a1d" />
    <TestEntry testId="784b9f29-b4df-4489-b2b5-9241f08ddaa2" executionId="67e2bf92-02bf-4fc7-8bb4-a8c197ed233d" testListId="8c84fa94-04c1-424b-9868-57a2d4851a1d" />
    <TestEntry testId="a71e5ebf-cad5-489d-9597-0e39d5d99e94" executionId="3d236baa-d713-43c6-9df4-9935715ba085" testListId="8c84fa94-04c1-424b-9868-57a2d4851a1d" />
    <TestEntry testId="1d421b65-b68b-4f11-8775-0ce895da03e8" executionId="5ed8c1e0-4b71-46c8-baf5-cc6e1c4e9a04" testListId="8c84fa94-04c1-424b-9868-57a2d4851a1d" />
    <TestEntry testId="5aa66a59-9b66-467e-84ac-d14f38e0d1d2" executionId="1379654b-2ced-47b9-b8e0-3878b56db3ca" testListId="8c84fa94-04c1-424b-9868-57a2d4851a1d" />
    <TestEntry testId="81272445-c191-48a7-9f7e-4efc378d84b1" executionId="bdc0c422-73c7-4a9d-b3e4-42dccfcd612b" testListId="8c84fa94-04c1-424b-9868-57a2d4851a1d" />
    <TestEntry testId="0983cbaf-ce6d-40bd-8847-34bbae140b4e" executionId="2656fb88-1d9a-4ac8-811a-0f60de4ce2b0" testListId="8c84fa94-04c1-424b-9868-57a2d4851a1d" />
  </TestEntries>
  <Results>
    <UnitTestResult executionId="986caa68-6a2c-4e4e-a97c-1763a74b8815" testId="b96f2172-51f7-3767-573a-01ebaf3120be" testName="TestMethod1" computerName="AGGEORGIEV" duration="00:00:00.0117573" startTime="2011-08-18T10:35:41.9402161+03:00" endTime="2011-08-18T10:35:42.1742161+03:00" testType="13cdc9d9-ddb5-4fa4-a97d-d965ccfc6d4b" outcome="PassedButRunAborted" testListId="8c84fa94-04c1-424b-9868-57a2d4851a1d" relativeResultsDirectory="986caa68-6a2c-4e4e-a97c-1763a74b8815">
    </UnitTestResult>
    <WebAiiTestResult executionId="5183f300-dee0-426b-8e50-c28a6fedaf61" testId="c4b769f8-1265-45fc-9ed4-a454bc4bb668" testName="AssertBigPic" computerName="AGGEORGIEV" duration="00:00:11.3870288" startTime="2011-08-18T10:35:42.1898161+03:00" endTime="2011-08-18T10:35:53.5735161+03:00" testType="c4241296-3c6e-46b1-bf92-e0bd3e0eb017" outcome="PassedButRunAborted" testListId="8c84fa94-04c1-424b-9868-57a2d4851a1d" relativeResultsDirectory="5183f300-dee0-426b-8e50-c28a6fedaf61" xmlns="http://artoftest.com/schemas/WebAiiDesignCanvas/1.0.0">
      <Output xmlns="http://microsoft.com/schemas/VisualStudio/TeamTest/2010">
        <ErrorInfo>
          <Message>Overall Result: Pass
------------------------------------------------------------
'8/18/2011 10:35:42 AM' - Starting execution....
'8/18/2011 10:35:43 AM' - Detected custom code in test. Locating test assembly: TestProject2.dll.
'8/18/2011 10:35:43 AM' - Assembly Found: C:\work\GitHub\kendo\functional-tests\AeroViewr\TestResults\aggeorgiev_AGGEORGIEV 2011-08-18 10_35_41\Out\TestProject2.dll
'8/18/2011 10:35:43 AM' - Loading code class: 'AeroViewr.AssertBigPic'.
------------------------------------------------------------
'8/18/2011 10:35:43 AM' - 'Pass' : 1. Navigate to : '/aeroviewr/'
'8/18/2011 10:35:44 AM' - 'Pass' : 2. Wait for '1000' msec.
'8/18/2011 10:35:45 AM' - 'Pass' : 3. [AssertBigPic_CodedStep] : @"store src attribute
'8/18/2011 10:35:46 AM' - 'Pass' : 4. Wait for '1000' msec.
'8/18/2011 10:35:46 AM' - 'Pass' : 5. Click 'Link'
'8/18/2011 10:35:47 AM' - 'Pass' : 6. Wait for '1000' msec.
'8/18/2011 10:35:47 AM' - 'Pass' : 7. Click 'SunriseShellImage'
'8/18/2011 10:35:50 AM' - 'Pass' : 8. Wait for '3000' msec.
'8/18/2011 10:35:50 AM' - 'Pass' : 9. [AssertBigPic_CodedStep1] : @"assert src choange - ASSERT IMAGE OPENED IS THE SAME AS THE IMAGE CLICKED
------------------------------------------------------------
'8/18/2011 10:35:50 AM' - Overall Result: Pass
'8/18/2011 10:35:50 AM' - Duration: [0 min: 7 sec: 358 msec]
------------------------------------------------------------
'8/18/2011 10:35:51 AM' - Test completed!
</Message>
        </ErrorInfo>
      </Output>
      <WebAiiTestResult Type="ArtOfTest.WebAii.Design.Execution.TestResult" Version="2011.1.729.0" xmlns="">
        <TestId Type="System.String">c4b769f8-1265-45fc-9ed4-a454bc4bb668</TestId>
        <TestName Type="System.String">AssertBigPic</TestName>
        <TestPath Type="System.String">AeroViewr\AssertBigPic.aii</TestPath>
        <ProjectPath Type="System.String">
        </ProjectPath>
        <ResultType Type="ArtOfTest.Common.Design.ResultType">Pass</ResultType>
        <AutomationStepResults>
          <Item Type="ArtOfTest.WebAii.Design.AutomationStepResult" Version="2011.1.729.0">
            <ResultType Type="ArtOfTest.Common.Design.ResultType">Pass</ResultType>
            <StepDescription Type="System.String">Navigate to : '/aeroviewr/'</StepDescription>
            <TestId Type="System.String">c4b769f8-1265-45fc-9ed4-a454bc4bb668</TestId>
            <TestName Type="System.String">AssertBigPic</TestName>
            <TestPath Type="System.String">AeroViewr\AssertBigPic.aii</TestPath>
            <TestStepNumber Type="System.Int32">0</TestStepNumber>
            <Order Type="System.Int32">1</Order>
            <LogMessageOnError Type="System.String">
            </LogMessageOnError>
          </Item>
          <Item Type="ArtOfTest.WebAii.Design.AutomationStepResult" Version="2011.1.729.0">
            <ResultType Type="ArtOfTest.Common.Design.ResultType">Pass</ResultType>
            <StepDescription Type="System.String">Wait for '1000' msec.</StepDescription>
            <TestId Type="System.String">c4b769f8-1265-45fc-9ed4-a454bc4bb668</TestId>
            <TestName Type="System.String">AssertBigPic</TestName>
            <TestPath Type="System.String">AeroViewr\AssertBigPic.aii</TestPath>
            <TestStepNumber Type="System.Int32">1</TestStepNumber>
            <Order Type="System.Int32">2</Order>
            <LogMessageOnError Type="System.String">
            </LogMessageOnError>
          </Item>
          <Item Type="ArtOfTest.WebAii.Design.AutomationStepResult" Version="2011.1.729.0">
            <ResultType Type="ArtOfTest.Common.Design.ResultType">Pass</ResultType>
            <StepDescription Type="System.String">[AssertBigPic_CodedStep] : @"store src attribute</StepDescription>
            <TestId Type="System.String">c4b769f8-1265-45fc-9ed4-a454bc4bb668</TestId>
            <TestName Type="System.String">AssertBigPic</TestName>
            <TestPath Type="System.String">AeroViewr\AssertBigPic.aii</TestPath>
            <TestStepNumber Type="System.Int32">2</TestStepNumber>
            <Order Type="System.Int32">3</Order>
            <LogMessageOnError Type="System.String">
            </LogMessageOnError>
          </Item>
          <Item Type="ArtOfTest.WebAii.Design.AutomationStepResult" Version="2011.1.729.0">
            <ResultType Type="ArtOfTest.Common.Design.ResultType">Pass</ResultType>
            <StepDescription Type="System.String">Wait for '1000' msec.</StepDescription>
            <TestId Type="System.String">c4b769f8-1265-45fc-9ed4-a454bc4bb668</TestId>
            <TestName Type="System.String">AssertBigPic</TestName>
            <TestPath Type="System.String">AeroViewr\AssertBigPic.aii</TestPath>
            <TestStepNumber Type="System.Int32">3</TestStepNumber>
            <Order Type="System.Int32">4</Order>
            <LogMessageOnError Type="System.String">
            </LogMessageOnError>
          </Item>
          <Item Type="ArtOfTest.WebAii.Design.AutomationStepResult" Version="2011.1.729.0">
            <ResultType Type="ArtOfTest.Common.Design.ResultType">Pass</ResultType>
            <StepDescription Type="System.String">Click 'Link'</StepDescription>
            <TestId Type="System.String">c4b769f8-1265-45fc-9ed4-a454bc4bb668</TestId>
            <TestName Type="System.String">AssertBigPic</TestName>
            <TestPath Type="System.String">AeroViewr\AssertBigPic.aii</TestPath>
            <TestStepNumber Type="System.Int32">4</TestStepNumber>
            <Order Type="System.Int32">5</Order>
            <LogMessageOnError Type="System.String">
            </LogMessageOnError>
          </Item>
          <Item Type="ArtOfTest.WebAii.Design.AutomationStepResult" Version="2011.1.729.0">
            <ResultType Type="ArtOfTest.Common.Design.ResultType">Pass</ResultType>
            <StepDescription Type="System.String">Wait for '1000' msec.</StepDescription>
            <TestId Type="System.String">c4b769f8-1265-45fc-9ed4-a454bc4bb668</TestId>
            <TestName Type="System.String">AssertBigPic</TestName>
            <TestPath Type="System.String">AeroViewr\AssertBigPic.aii</TestPath>
            <TestStepNumber Type="System.Int32">5</TestStepNumber>
            <Order Type="System.Int32">6</Order>
            <LogMessageOnError Type="System.String">
            </LogMessageOnError>
          </Item>
          <Item Type="ArtOfTest.WebAii.Design.AutomationStepResult" Version="2011.1.729.0">
            <ResultType Type="ArtOfTest.Common.Design.ResultType">Pass</ResultType>
            <StepDescription Type="System.String">Click 'SunriseShellImage'</StepDescription>
            <TestId Type="System.String">c4b769f8-1265-45fc-9ed4-a454bc4bb668</TestId>
            <TestName Type="System.String">AssertBigPic</TestName>
            <TestPath Type="System.String">AeroViewr\AssertBigPic.aii</TestPath>
            <TestStepNumber Type="System.Int32">6</TestStepNumber>
            <Order Type="System.Int32">7</Order>
            <LogMessageOnError Type="System.String">
            </LogMessageOnError>
          </Item>
          <Item Type="ArtOfTest.WebAii.Design.AutomationStepResult" Version="2011.1.729.0">
            <ResultType Type="ArtOfTest.Common.Design.ResultType">Pass</ResultType>
            <StepDescription Type="System.String">Wait for '3000' msec.</StepDescription>
            <TestId Type="System.String">c4b769f8-1265-45fc-9ed4-a454bc4bb668</TestId>
            <TestName Type="System.String">AssertBigPic</TestName>
            <TestPath Type="System.String">AeroViewr\AssertBigPic.aii</TestPath>
            <TestStepNumber Type="System.Int32">7</TestStepNumber>
            <Order Type="System.Int32">8</Order>
            <LogMessageOnError Type="System.String">
            </LogMessageOnError>
          </Item>
          <Item Type="ArtOfTest.WebAii.Design.AutomationStepResult" Version="2011.1.729.0">
            <ResultType Type="ArtOfTest.Common.Design.ResultType">Pass</ResultType>
            <StepDescription Type="System.String">[AssertBigPic_CodedStep1] : @"assert src choange - ASSERT IMAGE OPENED IS THE SAME AS THE IMAGE CLICKED</StepDescription>
            <TestId Type="System.String">c4b769f8-1265-45fc-9ed4-a454bc4bb668</TestId>
            <TestName Type="System.String">AssertBigPic</TestName>
            <TestPath Type="System.String">AeroViewr\AssertBigPic.aii</TestPath>
            <TestStepNumber Type="System.Int32">8</TestStepNumber>
            <Order Type="System.Int32">9</Order>
            <LogMessageOnError Type="System.String">
            </LogMessageOnError>
          </Item>
        </AutomationStepResults>
        <NotRunStepDescriptions />
        <PerStepMessages Type="System.String">Overall Result: Pass
------------------------------------------------------------
'8/18/2011 10:35:42 AM' - Starting execution....
'8/18/2011 10:35:43 AM' - Detected custom code in test. Locating test assembly: TestProject2.dll.
'8/18/2011 10:35:43 AM' - Assembly Found: C:\work\GitHub\kendo\functional-tests\AeroViewr\TestResults\aggeorgiev_AGGEORGIEV 2011-08-18 10_35_41\Out\TestProject2.dll
'8/18/2011 10:35:43 AM' - Loading code class: 'AeroViewr.AssertBigPic'.
------------------------------------------------------------
'8/18/2011 10:35:43 AM' - 'Pass' : 1. Navigate to : '/aeroviewr/'
'8/18/2011 10:35:44 AM' - 'Pass' : 2. Wait for '1000' msec.
'8/18/2011 10:35:45 AM' - 'Pass' : 3. [AssertBigPic_CodedStep] : @"store src attribute
'8/18/2011 10:35:46 AM' - 'Pass' : 4. Wait for '1000' msec.
'8/18/2011 10:35:46 AM' - 'Pass' : 5. Click 'Link'
'8/18/2011 10:35:47 AM' - 'Pass' : 6. Wait for '1000' msec.
'8/18/2011 10:35:47 AM' - 'Pass' : 7. Click 'SunriseShellImage'
'8/18/2011 10:35:50 AM' - 'Pass' : 8. Wait for '3000' msec.
'8/18/2011 10:35:50 AM' - 'Pass' : 9. [AssertBigPic_CodedStep1] : @"assert src choange - ASSERT IMAGE OPENED IS THE SAME AS THE IMAGE CLICKED
------------------------------------------------------------
'8/18/2011 10:35:50 AM' - Overall Result: Pass
'8/18/2011 10:35:50 AM' - Duration: [0 min: 7 sec: 358 msec]
------------------------------------------------------------
'8/18/2011 10:35:51 AM' - Test completed!
</PerStepMessages>
        <TotalNumberOfPassedSteps Type="System.Int32">9</TotalNumberOfPassedSteps>
        <ExecutingTestStepCount Type="System.Int32">9</ExecutingTestStepCount>
        <TotalNumberOfNotRunSteps Type="System.Int32">0</TotalNumberOfNotRunSteps>
        <IsDataDrivenResult Type="System.Boolean">False</IsDataDrivenResult>
        <SeparatorLineCharCount Type="System.Int32">60</SeparatorLineCharCount>
        <ExecutionType Type="ArtOfTest.Common.Design.ExecutionType">QuickExecution</ExecutionType>
        <EndTime Type="System.DateTime">2011-08-18 07:35:50Z</EndTime>
        <StarTime Type="System.DateTime">2011-08-18 07:35:43Z</StarTime>
        <DataIterationResults />
      </WebAiiTestResult>
    </WebAiiTestResult>
    <WebAiiTestResult executionId="4526eca8-ec67-4800-904d-80668a5e809d" testId="63c00f77-a7be-418e-b759-191b55d39b79" testName="AssertMessages" computerName="AGGEORGIEV" duration="00:00:10.3163566" startTime="2011-08-18T10:35:53.5735161+03:00" endTime="2011-08-18T10:36:03.8981161+03:00" testType="c4241296-3c6e-46b1-bf92-e0bd3e0eb017" outcome="PassedButRunAborted" testListId="8c84fa94-04c1-424b-9868-57a2d4851a1d" relativeResultsDirectory="4526eca8-ec67-4800-904d-80668a5e809d" xmlns="http://artoftest.com/schemas/WebAiiDesignCanvas/1.0.0">
      <Output xmlns="http://microsoft.com/schemas/VisualStudio/TeamTest/2010">
        <ErrorInfo>
          <Message>Overall Result: Pass
------------------------------------------------------------
'8/18/2011 10:35:53 AM' - Starting execution....
------------------------------------------------------------
'8/18/2011 10:35:55 AM' - 'Pass' : 1. Navigate to : '/aeroviewr/'
'8/18/2011 10:35:56 AM' - 'Pass' : 2. Wait for '1000' msec.
'8/18/2011 10:35:56 AM' - 'Pass' : 3. Click 'HintsLink'
'8/18/2011 10:35:56 AM' - 'Pass' : 4. Verify 'TextContent' 'Contains' 'something andbutton. You can also use related tags from the suggestion list.' on 'SomethingPTag'
'8/18/2011 10:35:56 AM' - 'Pass' : 5. Verify 'TextContent' 'Contains' 'with youroraccount, to see the entire app functionality' on 'WithPTag'
'8/18/2011 10:35:56 AM' - 'Pass' : 6. Click 'PhotoWrapSectionTag'
'8/18/2011 10:36:02 AM' - 'Pass' : 7. Wait for element 'WithPTag' 'is not' visible.
'8/18/2011 10:36:02 AM' - 'Pass' : 8. Verify element 'SomethingPTag' 'is not' visible.
------------------------------------------------------------
'8/18/2011 10:36:02 AM' - Overall Result: Pass
'8/18/2011 10:36:02 AM' - Duration: [0 min: 7 sec: 95 msec]
------------------------------------------------------------
'8/18/2011 10:36:02 AM' - Test completed!
</Message>
        </ErrorInfo>
      </Output>
      <WebAiiTestResult Type="ArtOfTest.WebAii.Design.Execution.TestResult" Version="2011.1.729.0" xmlns="">
        <TestId Type="System.String">63c00f77-a7be-418e-b759-191b55d39b79</TestId>
        <TestName Type="System.String">AssertMessages</TestName>
        <TestPath Type="System.String">AeroViewr\AssertMessages.aii</TestPath>
        <ProjectPath Type="System.String">
        </ProjectPath>
        <ResultType Type="ArtOfTest.Common.Design.ResultType">Pass</ResultType>
        <AutomationStepResults>
          <Item Type="ArtOfTest.WebAii.Design.AutomationStepResult" Version="2011.1.729.0">
            <ResultType Type="ArtOfTest.Common.Design.ResultType">Pass</ResultType>
            <StepDescription Type="System.String">Navigate to : '/aeroviewr/'</StepDescription>
            <TestId Type="System.String">63c00f77-a7be-418e-b759-191b55d39b79</TestId>
            <TestName Type="System.String">AssertMessages</TestName>
            <TestPath Type="System.String">AeroViewr\AssertMessages.aii</TestPath>
            <TestStepNumber Type="System.Int32">0</TestStepNumber>
            <Order Type="System.Int32">1</Order>
            <LogMessageOnError Type="System.String">
            </LogMessageOnError>
          </Item>
          <Item Type="ArtOfTest.WebAii.Design.AutomationStepResult" Version="2011.1.729.0">
            <ResultType Type="ArtOfTest.Common.Design.ResultType">Pass</ResultType>
            <StepDescription Type="System.String">Wait for '1000' msec.</StepDescription>
            <TestId Type="System.String">63c00f77-a7be-418e-b759-191b55d39b79</TestId>
            <TestName Type="System.String">AssertMessages</TestName>
            <TestPath Type="System.String">AeroViewr\AssertMessages.aii</TestPath>
            <TestStepNumber Type="System.Int32">1</TestStepNumber>
            <Order Type="System.Int32">2</Order>
            <LogMessageOnError Type="System.String">
            </LogMessageOnError>
          </Item>
          <Item Type="ArtOfTest.WebAii.Design.AutomationStepResult" Version="2011.1.729.0">
            <ResultType Type="ArtOfTest.Common.Design.ResultType">Pass</ResultType>
            <StepDescription Type="System.String">Click 'HintsLink'</StepDescription>
            <TestId Type="System.String">63c00f77-a7be-418e-b759-191b55d39b79</TestId>
            <TestName Type="System.String">AssertMessages</TestName>
            <TestPath Type="System.String">AeroViewr\AssertMessages.aii</TestPath>
            <TestStepNumber Type="System.Int32">2</TestStepNumber>
            <Order Type="System.Int32">3</Order>
            <LogMessageOnError Type="System.String">
            </LogMessageOnError>
          </Item>
          <Item Type="ArtOfTest.WebAii.Design.AutomationStepResult" Version="2011.1.729.0">
            <ResultType Type="ArtOfTest.Common.Design.ResultType">Pass</ResultType>
            <StepDescription Type="System.String">Verify 'TextContent' 'Contains' 'something andbutton. You can also use related tags from the suggestion list.' on 'SomethingPTag'</StepDescription>
            <TestId Type="System.String">63c00f77-a7be-418e-b759-191b55d39b79</TestId>
            <TestName Type="System.String">AssertMessages</TestName>
            <TestPath Type="System.String">AeroViewr\AssertMessages.aii</TestPath>
            <TestStepNumber Type="System.Int32">3</TestStepNumber>
            <Order Type="System.Int32">4</Order>
            <LogMessageOnError Type="System.String">
            </LogMessageOnError>
          </Item>
          <Item Type="ArtOfTest.WebAii.Design.AutomationStepResult" Version="2011.1.729.0">
            <ResultType Type="ArtOfTest.Common.Design.ResultType">Pass</ResultType>
            <StepDescription Type="System.String">Verify 'TextContent' 'Contains' 'with youroraccount, to see the entire app functionality' on 'WithPTag'</StepDescription>
            <TestId Type="System.String">63c00f77-a7be-418e-b759-191b55d39b79</TestId>
            <TestName Type="System.String">AssertMessages</TestName>
            <TestPath Type="System.String">AeroViewr\AssertMessages.aii</TestPath>
            <TestStepNumber Type="System.Int32">4</TestStepNumber>
            <Order Type="System.Int32">5</Order>
            <LogMessageOnError Type="System.String">
            </LogMessageOnError>
          </Item>
          <Item Type="ArtOfTest.WebAii.Design.AutomationStepResult" Version="2011.1.729.0">
            <ResultType Type="ArtOfTest.Common.Design.ResultType">Pass</ResultType>
            <StepDescription Type="System.String">Click 'PhotoWrapSectionTag'</StepDescription>
            <TestId Type="System.String">63c00f77-a7be-418e-b759-191b55d39b79</TestId>
            <TestName Type="System.String">AssertMessages</TestName>
            <TestPath Type="System.String">AeroViewr\AssertMessages.aii</TestPath>
            <TestStepNumber Type="System.Int32">5</TestStepNumber>
            <Order Type="System.Int32">6</Order>
            <LogMessageOnError Type="System.String">
            </LogMessageOnError>
          </Item>
          <Item Type="ArtOfTest.WebAii.Design.AutomationStepResult" Version="2011.1.729.0">
            <ResultType Type="ArtOfTest.Common.Design.ResultType">Pass</ResultType>
            <StepDescription Type="System.String">Wait for element 'WithPTag' 'is not' visible.</StepDescription>
            <TestId Type="System.String">63c00f77-a7be-418e-b759-191b55d39b79</TestId>
            <TestName Type="System.String">AssertMessages</TestName>
            <TestPath Type="System.String">AeroViewr\AssertMessages.aii</TestPath>
            <TestStepNumber Type="System.Int32">6</TestStepNumber>
            <Order Type="System.Int32">7</Order>
            <LogMessageOnError Type="System.String">
            </LogMessageOnError>
          </Item>
          <Item Type="ArtOfTest.WebAii.Design.AutomationStepResult" Version="2011.1.729.0">
            <ResultType Type="ArtOfTest.Common.Design.ResultType">Pass</ResultType>
            <StepDescription Type="System.String">Verify element 'SomethingPTag' 'is not' visible.</StepDescription>
            <TestId Type="System.String">63c00f77-a7be-418e-b759-191b55d39b79</TestId>
            <TestName Type="System.String">AssertMessages</TestName>
            <TestPath Type="System.String">AeroViewr\AssertMessages.aii</TestPath>
            <TestStepNumber Type="System.Int32">7</TestStepNumber>
            <Order Type="System.Int32">8</Order>
            <LogMessageOnError Type="System.String">
            </LogMessageOnError>
          </Item>
        </AutomationStepResults>
        <NotRunStepDescriptions />
        <PerStepMessages Type="System.String">Overall Result: Pass
------------------------------------------------------------
'8/18/2011 10:35:53 AM' - Starting execution....
------------------------------------------------------------
'8/18/2011 10:35:55 AM' - 'Pass' : 1. Navigate to : '/aeroviewr/'
'8/18/2011 10:35:56 AM' - 'Pass' : 2. Wait for '1000' msec.
'8/18/2011 10:35:56 AM' - 'Pass' : 3. Click 'HintsLink'
'8/18/2011 10:35:56 AM' - 'Pass' : 4. Verify 'TextContent' 'Contains' 'something andbutton. You can also use related tags from the suggestion list.' on 'SomethingPTag'
'8/18/2011 10:35:56 AM' - 'Pass' : 5. Verify 'TextContent' 'Contains' 'with youroraccount, to see the entire app functionality' on 'WithPTag'
'8/18/2011 10:35:56 AM' - 'Pass' : 6. Click 'PhotoWrapSectionTag'
'8/18/2011 10:36:02 AM' - 'Pass' : 7. Wait for element 'WithPTag' 'is not' visible.
'8/18/2011 10:36:02 AM' - 'Pass' : 8. Verify element 'SomethingPTag' 'is not' visible.
------------------------------------------------------------
'8/18/2011 10:36:02 AM' - Overall Result: Pass
'8/18/2011 10:36:02 AM' - Duration: [0 min: 7 sec: 95 msec]
------------------------------------------------------------
'8/18/2011 10:36:02 AM' - Test completed!
</PerStepMessages>
        <TotalNumberOfPassedSteps Type="System.Int32">8</TotalNumberOfPassedSteps>
        <ExecutingTestStepCount Type="System.Int32">8</ExecutingTestStepCount>
        <TotalNumberOfNotRunSteps Type="System.Int32">0</TotalNumberOfNotRunSteps>
        <IsDataDrivenResult Type="System.Boolean">False</IsDataDrivenResult>
        <SeparatorLineCharCount Type="System.Int32">60</SeparatorLineCharCount>
        <ExecutionType Type="ArtOfTest.Common.Design.ExecutionType">QuickExecution</ExecutionType>
        <EndTime Type="System.DateTime">2011-08-18 07:36:02Z</EndTime>
        <StarTime Type="System.DateTime">2011-08-18 07:35:55Z</StarTime>
        <DataIterationResults />
      </WebAiiTestResult>
    </WebAiiTestResult>
    <WebAiiTestResult executionId="fd930fd7-f09b-452e-8dee-0549b40a3d45" testId="6ac6b301-c6ea-4e6d-83ef-7c85c1184aa7" testName="ClickInfoWindow" computerName="AGGEORGIEV" duration="00:00:05.4686801" startTime="2011-08-18T10:36:03.8981161+03:00" endTime="2011-08-18T10:36:09.3671161+03:00" testType="c4241296-3c6e-46b1-bf92-e0bd3e0eb017" outcome="Failed" testListId="8c84fa94-04c1-424b-9868-57a2d4851a1d" relativeResultsDirectory="fd930fd7-f09b-452e-8dee-0549b40a3d45" xmlns="http://artoftest.com/schemas/WebAiiDesignCanvas/1.0.0">
      <Output xmlns="http://microsoft.com/schemas/VisualStudio/TeamTest/2010">
        <ErrorInfo>
          <Message>------------------------------------------------------------
'8/18/2011 10:36:03 AM' - Starting execution....
'8/18/2011 10:36:05 AM' - Detected custom code in test. Locating test assembly: TestProject2.dll.
'8/18/2011 10:36:05 AM' - Assembly Found: C:\work\GitHub\kendo\functional-tests\AeroViewr\TestResults\aggeorgiev_AGGEORGIEV 2011-08-18 10_35_41\Out\TestProject2.dll
'8/18/2011 10:36:05 AM' - Loading code class: 'AeroViewr.ClickInfoWindow'.
'8/18/2011 10:36:08 AM' - Failure detected during execution. Details:
------------------------------------------------------------
'8/18/2011 10:36:08 AM' - System.NullReferenceException: Object reference not set to an instance of an object.
   at ArtOfTest.WebAii.Design.Execution.ExecutionEngine.CanRunAgainstBrowser(Browser activeBrowser, AutomationStep step, TestResult activeResult)
   at ArtOfTest.WebAii.Design.Execution.ExecutionEngine.InternalExecuteSteps(AutomationStepList stepList, TestResult testResult, Object codeBehindInstance, Boolean&amp; stopExecution)
   at ArtOfTest.WebAii.Design.Execution.ExecutionEngine.InternalExecuteTestIteration(Object codeBehindInstance)
   at ArtOfTest.WebAii.Design.Execution.ExecutionEngine.InternalExecuteTest(Test test, TestResult initializationResult)
   at ArtOfTest.WebAii.Design.Execution.TestExecuteProxy.ExecuteTest(Test test, Settings settings, String deploymentFolder, String binariesFolder, ExecutionType exeType, Guid firstStepGuid, Guid lastStepGuid, IntPtr existingBrowserHandle, DebuggerOptions debuggerOptions)
------------------------------------------------------------
'8/18/2011 10:36:08 AM' - Test completed!
</Message>
        </ErrorInfo>
      </Output>
      <WebAiiTestResult Type="ArtOfTest.WebAii.Design.Execution.TestResult" Version="2011.1.729.0" xmlns="">
        <TestId Type="System.String">6ac6b301-c6ea-4e6d-83ef-7c85c1184aa7</TestId>
        <TestName Type="System.String">ClickInfoWindow</TestName>
        <TestPath Type="System.String">AeroViewr\ClickInfoWindow.aii</TestPath>
        <ProjectPath Type="System.String">
        </ProjectPath>
        <ResultType Type="ArtOfTest.Common.Design.ResultType">Fail</ResultType>
        <AutomationStepResults />
        <NotRunStepDescriptions>
          <Item Type="System.String">Navigate to : '/aeroviewr/'</Item>
          <Item Type="System.String">Wait for '3000' msec.</Item>
          <Item Type="System.String">Click 'TechnicolorImage'</Item>
          <Item Type="System.String">Wait for '2000' msec.</Item>
          <Item Type="System.String">Verify element 'TechnicolorH2Tag' 'is' visible.</Item>
          <Item Type="System.String">Click 'Span'</Item>
          <Item Type="System.String">Wait for '1000' msec.</Item>
          <Item Type="System.String">[ClickInfoWindow_CodedStep1] : @"Verify 'InnerText' 'Contains' 'technicolor dreamskies over eagle lake' on 'TechnicolorSpan'</Item>
        </NotRunStepDescriptions>
        <PerStepMessages Type="System.String">------------------------------------------------------------
'8/18/2011 10:36:03 AM' - Starting execution....
'8/18/2011 10:36:05 AM' - Detected custom code in test. Locating test assembly: TestProject2.dll.
'8/18/2011 10:36:05 AM' - Assembly Found: C:\work\GitHub\kendo\functional-tests\AeroViewr\TestResults\aggeorgiev_AGGEORGIEV 2011-08-18 10_35_41\Out\TestProject2.dll
'8/18/2011 10:36:05 AM' - Loading code class: 'AeroViewr.ClickInfoWindow'.
'8/18/2011 10:36:08 AM' - Failure detected during execution. Details:
------------------------------------------------------------
'8/18/2011 10:36:08 AM' - System.NullReferenceException: Object reference not set to an instance of an object.
   at ArtOfTest.WebAii.Design.Execution.ExecutionEngine.CanRunAgainstBrowser(Browser activeBrowser, AutomationStep step, TestResult activeResult)
   at ArtOfTest.WebAii.Design.Execution.ExecutionEngine.InternalExecuteSteps(AutomationStepList stepList, TestResult testResult, Object codeBehindInstance, Boolean&amp; stopExecution)
   at ArtOfTest.WebAii.Design.Execution.ExecutionEngine.InternalExecuteTestIteration(Object codeBehindInstance)
   at ArtOfTest.WebAii.Design.Execution.ExecutionEngine.InternalExecuteTest(Test test, TestResult initializationResult)
   at ArtOfTest.WebAii.Design.Execution.TestExecuteProxy.ExecuteTest(Test test, Settings settings, String deploymentFolder, String binariesFolder, ExecutionType exeType, Guid firstStepGuid, Guid lastStepGuid, IntPtr existingBrowserHandle, DebuggerOptions debuggerOptions)
------------------------------------------------------------
'8/18/2011 10:36:08 AM' - Test completed!
</PerStepMessages>
        <TotalNumberOfPassedSteps Type="System.Int32">0</TotalNumberOfPassedSteps>
        <ExecutingTestStepCount Type="System.Int32">0</ExecutingTestStepCount>
        <TotalNumberOfNotRunSteps Type="System.Int32">0</TotalNumberOfNotRunSteps>
        <IsDataDrivenResult Type="System.Boolean">False</IsDataDrivenResult>
        <SeparatorLineCharCount Type="System.Int32">60</SeparatorLineCharCount>
        <ExecutionType Type="ArtOfTest.Common.Design.ExecutionType">QuickExecution</ExecutionType>
        <EndTime Type="System.DateTime">2011-08-18 07:36:08Z</EndTime>
        <StarTime Type="System.DateTime">2011-08-18 07:36:03Z</StarTime>
        <DataIterationResults />
      </WebAiiTestResult>
    </WebAiiTestResult>
    <TestResult executionId="c5d05992-d687-40f6-841c-353d00f6e0ab" testId="66a11db1-2d67-4448-a7d5-213740fbf5e6" testName="GlassManyTimes" computerName="AGGEORGIEV" duration="00:00:10.6440327" startTime="2011-08-18T10:36:09.3671161+03:00" endTime="2011-08-18T10:36:20.0111488+03:00" testType="c4241296-3c6e-46b1-bf92-e0bd3e0eb017" outcome="Aborted" testListId="8c84fa94-04c1-424b-9868-57a2d4851a1d" relativeResultsDirectory="c5d05992-d687-40f6-841c-353d00f6e0ab">
      <Output>
        <ErrorInfo>
          <Message>User aborted test run.</Message>
        </ErrorInfo>
      </Output>
    </TestResult>
    <TestResult executionId="1d782914-d2e3-4281-8aee-9d8f682c808e" testId="e00b90f3-db1f-45f4-b140-c7add24427af" testName="ListViewSlider" computerName="AGGEORGIEV" testType="c4241296-3c6e-46b1-bf92-e0bd3e0eb017" outcome="NotExecuted" testListId="8c84fa94-04c1-424b-9868-57a2d4851a1d" relativeResultsDirectory="1d782914-d2e3-4281-8aee-9d8f682c808e">
    </TestResult>
    <TestResult executionId="d9b5e5a5-bc54-4e41-b015-9d0102af232f" testId="1717c04f-9fa1-469b-bd54-772018aa114c" testName="LogIn" computerName="AGGEORGIEV" testType="c4241296-3c6e-46b1-bf92-e0bd3e0eb017" outcome="NotExecuted" testListId="8c84fa94-04c1-424b-9868-57a2d4851a1d" relativeResultsDirectory="d9b5e5a5-bc54-4e41-b015-9d0102af232f">
    </TestResult>
    <TestResult executionId="847b55bc-6431-4a17-a362-d61106a9ca13" testId="7ab8648a-7941-4ef6-9c1f-592616353a51" testName="LogInlLogOut" computerName="AGGEORGIEV" testType="c4241296-3c6e-46b1-bf92-e0bd3e0eb017" outcome="NotExecuted" testListId="8c84fa94-04c1-424b-9868-57a2d4851a1d" relativeResultsDirectory="847b55bc-6431-4a17-a362-d61106a9ca13">
    </TestResult>
    <TestResult executionId="062652d2-00f9-48f4-a1a0-00a677aba701" testId="a166859d-f0af-41a1-bc73-3b8f768a5103" testName="NotLoggedSearch" computerName="AGGEORGIEV" testType="c4241296-3c6e-46b1-bf92-e0bd3e0eb017" outcome="NotExecuted" testListId="8c84fa94-04c1-424b-9868-57a2d4851a1d" relativeResultsDirectory="062652d2-00f9-48f4-a1a0-00a677aba701">
    </TestResult>
    <TestResult executionId="67e2bf92-02bf-4fc7-8bb4-a8c197ed233d" testId="784b9f29-b4df-4489-b2b5-9241f08ddaa2" testName="OpenSetPicBack" computerName="AGGEORGIEV" testType="c4241296-3c6e-46b1-bf92-e0bd3e0eb017" outcome="NotExecuted" testListId="8c84fa94-04c1-424b-9868-57a2d4851a1d" relativeResultsDirectory="67e2bf92-02bf-4fc7-8bb4-a8c197ed233d">
    </TestResult>
    <TestResult executionId="3d236baa-d713-43c6-9df4-9935715ba085" testId="a71e5ebf-cad5-489d-9597-0e39d5d99e94" testName="OpenSetSearchBack" computerName="AGGEORGIEV" testType="c4241296-3c6e-46b1-bf92-e0bd3e0eb017" outcome="NotExecuted" testListId="8c84fa94-04c1-424b-9868-57a2d4851a1d" relativeResultsDirectory="3d236baa-d713-43c6-9df4-9935715ba085">
    </TestResult>
    <TestResult executionId="5ed8c1e0-4b71-46c8-baf5-cc6e1c4e9a04" testId="1d421b65-b68b-4f11-8775-0ce895da03e8" testName="PlayPause" computerName="AGGEORGIEV" testType="c4241296-3c6e-46b1-bf92-e0bd3e0eb017" outcome="NotExecuted" testListId="8c84fa94-04c1-424b-9868-57a2d4851a1d" relativeResultsDirectory="5ed8c1e0-4b71-46c8-baf5-cc6e1c4e9a04">
    </TestResult>
    <TestResult executionId="1379654b-2ced-47b9-b8e0-3878b56db3ca" testId="5aa66a59-9b66-467e-84ac-d14f38e0d1d2" testName="SearchNoresults" computerName="AGGEORGIEV" testType="c4241296-3c6e-46b1-bf92-e0bd3e0eb017" outcome="NotExecuted" testListId="8c84fa94-04c1-424b-9868-57a2d4851a1d" relativeResultsDirectory="1379654b-2ced-47b9-b8e0-3878b56db3ca">
    </TestResult>
    <TestResult executionId="bdc0c422-73c7-4a9d-b3e4-42dccfcd612b" testId="81272445-c191-48a7-9f7e-4efc378d84b1" testName="SearchOpenImage" computerName="AGGEORGIEV" testType="c4241296-3c6e-46b1-bf92-e0bd3e0eb017" outcome="NotExecuted" testListId="8c84fa94-04c1-424b-9868-57a2d4851a1d" relativeResultsDirectory="bdc0c422-73c7-4a9d-b3e4-42dccfcd612b">
    </TestResult>
    <TestResult executionId="2656fb88-1d9a-4ac8-811a-0f60de4ce2b0" testId="0983cbaf-ce6d-40bd-8847-34bbae140b4e" testName="UploadNotLogged" computerName="AGGEORGIEV" testType="c4241296-3c6e-46b1-bf92-e0bd3e0eb017" outcome="NotExecuted" testListId="8c84fa94-04c1-424b-9868-57a2d4851a1d" relativeResultsDirectory="2656fb88-1d9a-4ac8-811a-0f60de4ce2b0">
    </TestResult>
  </Results>
</TestRun>